
fsck_hfs started at Thu Jun  5 09:38:52 2014
** /dev/rdisk1s2 (NO WRITE)
   Executing fsck_hfs (version hfs-226.1.1).
** Checking non-journaled HFS Plus Volume.
   The volume name is Firefox
** Checking extents overflow file.
** Checking catalog file.
** Checking multi-linked files.
** Checking catalog hierarchy.
** Checking volume bitmap.
** Checking volume information.
** The volume Firefox appears to be OK.
fsck_hfs completed at Thu Jun  5 09:38:52 2014


fsck_hfs started at Thu Jun  5 09:39:54 2014
** /dev/rdisk2s2 (NO WRITE)
   Executing fsck_hfs (version hfs-226.1.1).
** Checking non-journaled HFS Plus Volume.
   The volume name is Google Chrome
** Checking extents overflow file.
** Checking catalog file.
** Checking multi-linked files.
** Checking catalog hierarchy.
** Checking volume bitmap.
** Checking volume information.
** The volume Google Chrome appears to be OK.
fsck_hfs completed at Thu Jun  5 09:39:55 2014

